<?xml version="1.0" encoding="UTF-8"?>
<!-- Generated by org.testng.reporters.JUnitReportReporter -->
<testsuite hostname="LAPTOP-H1C31N1A" failures="0" tests="1" name="scripts.TestBluestone_Sce15" time="21.839" errors="0" timestamp="2019-10-21T17:20:46 IST" skipped="0">
  <testcase classname="scripts.TestBluestone_Sce15" name="twogmcoin" time="21.839"/>
</testsuite> <!-- scripts.TestBluestone_Sce15 -->
