<?xml version="1.0" encoding="UTF-8"?>
<!-- Generated by org.testng.reporters.JUnitReportReporter -->
<testsuite hostname="LAPTOP-H1C31N1A" failures="0" tests="1" name="scripts.TestBluestone_sce16" time="18.917" errors="0" timestamp="2019-10-22T11:13:16 IST" skipped="0">
  <testcase classname="scripts.TestBluestone_sce16" name="twentyGm" time="18.917"/>
</testsuite> <!-- scripts.TestBluestone_sce16 -->
