<?xml version="1.0" encoding="UTF-8"?>
<!-- Generated by org.testng.reporters.JUnitReportReporter -->
<testsuite hostname="LAPTOP-H1C31N1A" failures="0" tests="1" name="scripts.OpenBluestone" time="14.599" errors="0" timestamp="2019-10-21T12:27:55 IST" skipped="0">
  <testcase classname="scripts.OpenBluestone" name="Bluestonebrowser" time="14.599"/>
</testsuite> <!-- scripts.OpenBluestone -->
