<?xml version="1.0" encoding="UTF-8"?>
<!-- Generated by org.testng.reporters.JUnitReportReporter -->
<testsuite hostname="LAPTOP-H1C31N1A" failures="0" tests="1" name="scripts.TestGoldCoin" time="21.725" errors="0" timestamp="2019-10-21T17:23:31 IST" skipped="0">
  <testcase classname="scripts.TestGoldCoin" name="ClickGoldCoin" time="21.725"/>
</testsuite> <!-- scripts.TestGoldCoin -->
