<?xml version="1.0" encoding="UTF-8"?>
<!-- Generated by org.testng.reporters.JUnitReportReporter -->
<testsuite hostname="LAPTOP-H1C31N1A" failures="0" tests="1" name="scripts.TestBluestone_sce17" time="19.793" errors="0" timestamp="2019-10-22T11:21:46 IST" skipped="0">
  <testcase classname="scripts.TestBluestone_sce17" name="twentyGm" time="19.793"/>
</testsuite> <!-- scripts.TestBluestone_sce17 -->
